<?xml version="1.0" encoding="UTF-8"?>
<!-- Generated by org.testng.reporters.JUnitReportReporter -->
<testsuite hostname="DESKTOP-6894EN5" failures="0" tests="1" name="frame.appium_case" time="46.479" errors="0" timestamp="2023-08-01T14:19:36 IST" skipped="0">
  <testcase classname="frame.appium_case" name="tc1" time="46.479"/>
  <system-out/>
</testsuite> <!-- frame.appium_case -->
